# JRE version: OpenJDK Runtime Environment Temurin-21.0.10+7 (21.0.10+7) (build 21.0.10+7-LTS)
# Java VM: OpenJDK 64-Bit Server VM Temurin-21.0.10+7 (21.0.10+7-LTS, mixed mode, sharing, tiered, compressed oops, compressed class ptrs, parallel gc, windows-amd64)
GC Precious Log:
 CardTable entry size: 512
 CPUs: 4 total, 4 available
 Memory: 7874M
 Large Page Support: Disabled
 NUMA Support: Disabled
 Compressed Oops: Enabled (32-bit)
 Alignments: Space 512K, Generation 512K, Heap 2M
 Heap Min Capacity: 100M
 Heap Initial Capacity: 100M
 Heap Max Capacity: 2G
 Pre-touch: Disabled
 Parallel Workers: 4
Heap:
 PSYoungGen      total 9728K, used 8112K [0x00000000d5580000, 0x00000000d6180000, 0x0000000100000000)
  eden space 9216K, 82% used [0x00000000d5580000,0x00000000d5ceee18,0x00000000d5e80000)
  from space 512K, 97% used [0x00000000d6080000,0x00000000d60fd200,0x00000000d6100000)
  to   space 512K, 0% used [0x00000000d6100000,0x00000000d6100000,0x00000000d6180000)
 ParOldGen       total 786944K, used 87263K [0x0000000080000000, 0x00000000b0080000, 0x00000000d5580000)
  object space 786944K, 11% used [0x0000000080000000,0x0000000085537cc8,0x00000000b0080000)
 Metaspace       used 92923K, committed 95168K, reserved 1179648K
  class space    used 9471K, committed 10432K, reserved 1048576K
GC Heap History (20 events):
Event: 2970.052 GC heap before
{Heap before GC invocations=2061 (full 5):
 PSYoungGen      total 9728K, used 64K [0x00000000d5580000, 0x00000000d6280000, 0x0000000100000000)
  eden space 9216K, 0% used [0x00000000d5580000,0x00000000d5580000,0x00000000d5e80000)
  from space 512K, 12% used [0x00000000d6200000,0x00000000d6210000,0x00000000d6280000)
  to   space 512K, 0% used [0x00000000d5e80000,0x00000000d5e80000,0x00000000d5f00000)
 ParOldGen       total 786944K, used 774563K [0x0000000080000000, 0x00000000b0080000, 0x00000000d5580000)
  object space 786944K, 98% used [0x0000000080000000,0x00000000af468f10,0x00000000b0080000)
 Metaspace       used 93168K, committed 95040K, reserved 1179648K
  class space    used 9568K, committed 10432K, reserved 1048576K
}
Event: 2973.315 GC heap after
{Heap after GC invocations=2061 (full 5):
 PSYoungGen      total 9728K, used 0K [0x00000000d5580000, 0x00000000d6280000, 0x0000000100000000)
  eden space 9216K, 0% used [0x00000000d5580000,0x00000000d5580000,0x00000000d5e80000)
  from space 512K, 0% used [0x00000000d6200000,0x00000000d6200000,0x00000000d6280000)
  to   space 512K, 0% used [0x00000000d5e80000,0x00000000d5e80000,0x00000000d5f00000)
 ParOldGen       total 786944K, used 84619K [0x0000000080000000, 0x00000000b0080000, 0x00000000d5580000)
  object space 786944K, 10% used [0x0000000080000000,0x00000000852a2e98,0x00000000b0080000)
 Metaspace       used 92801K, committed 95040K, reserved 1179648K
  class space    used 9470K, committed 10432K, reserved 1048576K
}
Event: 2973.457 GC heap before
{Heap before GC invocations=2062 (full 5):
 PSYoungGen      total 9728K, used 9216K [0x00000000d5580000, 0x00000000d6280000, 0x0000000100000000)
  eden space 9216K, 100% used [0x00000000d5580000,0x00000000d5e80000,0x00000000d5e80000)
  from space 512K, 0% used [0x00000000d6200000,0x00000000d6200000,0x00000000d6280000)
  to   space 512K, 0% used [0x00000000d5e80000,0x00000000d5e80000,0x00000000d5f00000)
 ParOldGen       total 786944K, used 84619K [0x0000000080000000, 0x00000000b0080000, 0x00000000d5580000)
  object space 786944K, 10% used [0x0000000080000000,0x00000000852a2e98,0x00000000b0080000)
 Metaspace       used 92804K, committed 95040K, reserved 1179648K
  class space    used 9470K, committed 10432K, reserved 1048576K
}
Event: 2973.462 GC heap after
{Heap after GC invocations=2062 (full 5):
 PSYoungGen      total 9728K, used 512K [0x00000000d5580000, 0x00000000d6280000, 0x0000000100000000)
  eden space 9216K, 0% used [0x00000000d5580000,0x00000000d5580000,0x00000000d5e80000)
  from space 512K, 100% used [0x00000000d5e80000,0x00000000d5f00000,0x00000000d5f00000)
  to   space 1024K, 0% used [0x00000000d6180000,0x00000000d6180000,0x00000000d6280000)
 ParOldGen       total 786944K, used 84827K [0x0000000080000000, 0x00000000b0080000, 0x00000000d5580000)
  object space 786944K, 10% used [0x0000000080000000,0x00000000852d6e98,0x00000000b0080000)
 Metaspace       used 92804K, committed 95040K, reserved 1179648K
  class space    used 9470K, committed 10432K, reserved 1048576K
}
Event: 2973.660 GC heap before
{Heap before GC invocations=2063 (full 5):
 PSYoungGen      total 9728K, used 9728K [0x00000000d5580000, 0x00000000d6280000, 0x0000000100000000)
  eden space 9216K, 100% used [0x00000000d5580000,0x00000000d5e80000,0x00000000d5e80000)
  from space 512K, 100% used [0x00000000d5e80000,0x00000000d5f00000,0x00000000d5f00000)
  to   space 1024K, 0% used [0x00000000d6180000,0x00000000d6180000,0x00000000d6280000)
 ParOldGen       total 786944K, used 84827K [0x0000000080000000, 0x00000000b0080000, 0x00000000d5580000)
  object space 786944K, 10% used [0x0000000080000000,0x00000000852d6e98,0x00000000b0080000)
 Metaspace       used 92804K, committed 95040K, reserved 1179648K
  class space    used 9470K, committed 10432K, reserved 1048576K
}
Event: 2973.676 GC heap after
{Heap after GC invocations=2063 (full 5):
 PSYoungGen      total 10240K, used 1012K [0x00000000d5580000, 0x00000000d6280000, 0x0000000100000000)
  eden space 9216K, 0% used [0x00000000d5580000,0x00000000d5580000,0x00000000d5e80000)
  from space 1024K, 98% used [0x00000000d6180000,0x00000000d627d200,0x00000000d6280000)
  to   space 2048K, 0% used [0x00000000d5e80000,0x00000000d5e80000,0x00000000d6080000)
 ParOldGen       total 786944K, used 85366K [0x0000000080000000, 0x00000000b0080000, 0x00000000d5580000)
  object space 786944K, 10% used [0x0000000080000000,0x000000008535d8a8,0x00000000b0080000)
 Metaspace       used 92804K, committed 95040K, reserved 1179648K
  class space    used 9470K, committed 10432K, reserved 1048576K
}
Event: 2974.294 GC heap before
{Heap before GC invocations=2064 (full 5):
 PSYoungGen      total 10240K, used 10228K [0x00000000d5580000, 0x00000000d6280000, 0x0000000100000000)
  eden space 9216K, 100% used [0x00000000d5580000,0x00000000d5e80000,0x00000000d5e80000)
  from space 1024K, 98% used [0x00000000d6180000,0x00000000d627d200,0x00000000d6280000)
  to   space 2048K, 0% used [0x00000000d5e80000,0x00000000d5e80000,0x00000000d6080000)
 ParOldGen       total 786944K, used 85366K [0x0000000080000000, 0x00000000b0080000, 0x00000000d5580000)
  object space 786944K, 10% used [0x0000000080000000,0x000000008535d8a8,0x00000000b0080000)
 Metaspace       used 92840K, committed 95104K, reserved 1179648K
  class space    used 9470K, committed 10432K, reserved 1048576K
}
Event: 2974.297 GC heap after
{Heap after GC invocations=2064 (full 5):
 PSYoungGen      total 11264K, used 416K [0x00000000d5580000, 0x00000000d6200000, 0x0000000100000000)
  eden space 9216K, 0% used [0x00000000d5580000,0x00000000d5580000,0x00000000d5e80000)
  from space 2048K, 20% used [0x00000000d5e80000,0x00000000d5ee8000,0x00000000d6080000)
  to   space 1024K, 0% used [0x00000000d6100000,0x00000000d6100000,0x00000000d6200000)
 ParOldGen       total 786944K, used 86306K [0x0000000080000000, 0x00000000b0080000, 0x00000000d5580000)
  object space 786944K, 10% used [0x0000000080000000,0x0000000085448ab8,0x00000000b0080000)
 Metaspace       used 92840K, committed 95104K, reserved 1179648K
  class space    used 9470K, committed 10432K, reserved 1048576K
}
Event: 2979.147 GC heap before
{Heap before GC invocations=2065 (full 5):
 PSYoungGen      total 11264K, used 9632K [0x00000000d5580000, 0x00000000d6200000, 0x0000000100000000)
  eden space 9216K, 100% used [0x00000000d5580000,0x00000000d5e80000,0x00000000d5e80000)
  from space 2048K, 20% used [0x00000000d5e80000,0x00000000d5ee8000,0x00000000d6080000)
  to   space 1024K, 0% used [0x00000000d6100000,0x00000000d6100000,0x00000000d6200000)
 ParOldGen       total 786944K, used 86306K [0x0000000080000000, 0x00000000b0080000, 0x00000000d5580000)
  object space 786944K, 10% used [0x0000000080000000,0x0000000085448ab8,0x00000000b0080000)
 Metaspace       used 92848K, committed 95104K, reserved 1179648K
  class space    used 9471K, committed 10432K, reserved 1048576K
}
Event: 2979.149 GC heap after
{Heap after GC invocations=2065 (full 5):
 PSYoungGen      total 9728K, used 250K [0x00000000d5580000, 0x00000000d6180000, 0x0000000100000000)
  eden space 9216K, 0% used [0x00000000d5580000,0x00000000d5580000,0x00000000d5e80000)
  from space 512K, 48% used [0x00000000d6100000,0x00000000d613e900,0x00000000d6180000)
  to   space 512K, 0% used [0x00000000d6080000,0x00000000d6080000,0x00000000d6100000)
 ParOldGen       total 786944K, used 86674K [0x0000000080000000, 0x00000000b0080000, 0x00000000d5580000)
  object space 786944K, 11% used [0x0000000080000000,0x00000000854a4ab8,0x00000000b0080000)
 Metaspace       used 92848K, committed 95104K, reserved 1179648K
  class space    used 9471K, committed 10432K, reserved 1048576K
}
Event: 2979.164 GC heap before
{Heap before GC invocations=2066 (full 5):
 PSYoungGen      total 9728K, used 9466K [0x00000000d5580000, 0x00000000d6180000, 0x0000000100000000)
  eden space 9216K, 100% used [0x00000000d5580000,0x00000000d5e80000,0x00000000d5e80000)
  from space 512K, 48% used [0x00000000d6100000,0x00000000d613e900,0x00000000d6180000)
  to   space 512K, 0% used [0x00000000d6080000,0x00000000d6080000,0x00000000d6100000)
 ParOldGen       total 786944K, used 86674K [0x0000000080000000, 0x00000000b0080000, 0x00000000d5580000)
  object space 786944K, 11% used [0x0000000080000000,0x00000000854a4ab8,0x00000000b0080000)
 Metaspace       used 92913K, committed 95168K, reserved 1179648K
  class space    used 9471K, committed 10432K, reserved 1048576K
}
Event: 2979.165 GC heap after
{Heap after GC invocations=2066 (full 5):
 PSYoungGen      total 9728K, used 186K [0x00000000d5580000, 0x00000000d6180000, 0x0000000100000000)
  eden space 9216K, 0% used [0x00000000d5580000,0x00000000d5580000,0x00000000d5e80000)
  from space 512K, 36% used [0x00000000d6080000,0x00000000d60ae900,0x00000000d6100000)
  to   space 512K, 0% used [0x00000000d6100000,0x00000000d6100000,0x00000000d6180000)
 ParOldGen       total 786944K, used 86706K [0x0000000080000000, 0x00000000b0080000, 0x00000000d5580000)
  object space 786944K, 11% used [0x0000000080000000,0x00000000854acab8,0x00000000b0080000)
 Metaspace       used 92913K, committed 95168K, reserved 1179648K
  class space    used 9471K, committed 10432K, reserved 1048576K
}
Event: 2980.273 GC heap before
{Heap before GC invocations=2067 (full 5):
 PSYoungGen      total 9728K, used 9402K [0x00000000d5580000, 0x00000000d6180000, 0x0000000100000000)
  eden space 9216K, 100% used [0x00000000d5580000,0x00000000d5e80000,0x00000000d5e80000)
  from space 512K, 36% used [0x00000000d6080000,0x00000000d60ae900,0x00000000d6100000)
  to   space 512K, 0% used [0x00000000d6100000,0x00000000d6100000,0x00000000d6180000)
 ParOldGen       total 786944K, used 86706K [0x0000000080000000, 0x00000000b0080000, 0x00000000d5580000)
  object space 786944K, 11% used [0x0000000080000000,0x00000000854acab8,0x00000000b0080000)
 Metaspace       used 92923K, committed 95168K, reserved 1179648K
  class space    used 9471K, committed 10432K, reserved 1048576K
}
Event: 2980.274 GC heap after
{Heap after GC invocations=2067 (full 5):
 PSYoungGen      total 9728K, used 308K [0x00000000d5580000, 0x00000000d6180000, 0x0000000100000000)
  eden space 9216K, 0% used [0x00000000d5580000,0x00000000d5580000,0x00000000d5e80000)
  from space 512K, 60% used [0x00000000d6100000,0x00000000d614d200,0x00000000d6180000)
  to   space 512K, 0% used [0x00000000d6080000,0x00000000d6080000,0x00000000d6100000)
 ParOldGen       total 786944K, used 86730K [0x0000000080000000, 0x00000000b0080000, 0x00000000d5580000)
  object space 786944K, 11% used [0x0000000080000000,0x00000000854b2ab8,0x00000000b0080000)
 Metaspace       used 92923K, committed 95168K, reserved 1179648K
  class space    used 9471K, committed 10432K, reserved 1048576K
}
Event: 2980.894 GC heap before
{Heap before GC invocations=2068 (full 5):
 PSYoungGen      total 9728K, used 9524K [0x00000000d5580000, 0x00000000d6180000, 0x0000000100000000)
  eden space 9216K, 100% used [0x00000000d5580000,0x00000000d5e80000,0x00000000d5e80000)
  from space 512K, 60% used [0x00000000d6100000,0x00000000d614d200,0x00000000d6180000)
  to   space 512K, 0% used [0x00000000d6080000,0x00000000d6080000,0x00000000d6100000)
 ParOldGen       total 786944K, used 86730K [0x0000000080000000, 0x00000000b0080000, 0x00000000d5580000)
  object space 786944K, 11% used [0x0000000080000000,0x00000000854b2ab8,0x00000000b0080000)
 Metaspace       used 92923K, committed 95168K, reserved 1179648K
  class space    used 9471K, committed 10432K, reserved 1048576K
}
Event: 2980.895 GC heap after
{Heap after GC invocations=2068 (full 5):
 PSYoungGen      total 9728K, used 505K [0x00000000d5580000, 0x00000000d6180000, 0x0000000100000000)
  eden space 9216K, 0% used [0x00000000d5580000,0x00000000d5580000,0x00000000d5e80000)
  from space 512K, 98% used [0x00000000d6080000,0x00000000d60fe410,0x00000000d6100000)
  to   space 512K, 0% used [0x00000000d6100000,0x00000000d6100000,0x00000000d6180000)
 ParOldGen       total 786944K, used 86850K [0x0000000080000000, 0x00000000b0080000, 0x00000000d5580000)
  object space 786944K, 11% used [0x0000000080000000,0x00000000854d0ab8,0x00000000b0080000)
 Metaspace       used 92923K, committed 95168K, reserved 1179648K
  class space    used 9471K, committed 10432K, reserved 1048576K
}
Event: 2981.629 GC heap before
{Heap before GC invocations=2069 (full 5):
 PSYoungGen      total 9728K, used 9721K [0x00000000d5580000, 0x00000000d6180000, 0x0000000100000000)
  eden space 9216K, 100% used [0x00000000d5580000,0x00000000d5e80000,0x00000000d5e80000)
  from space 512K, 98% used [0x00000000d6080000,0x00000000d60fe410,0x00000000d6100000)
  to   space 512K, 0% used [0x00000000d6100000,0x00000000d6100000,0x00000000d6180000)
 ParOldGen       total 786944K, used 86850K [0x0000000080000000, 0x00000000b0080000, 0x00000000d5580000)
  object space 786944K, 11% used [0x0000000080000000,0x00000000854d0ab8,0x00000000b0080000)
 Metaspace       used 92923K, committed 95168K, reserved 1179648K
  class space    used 9471K, committed 10432K, reserved 1048576K
}
Event: 2981.631 GC heap after
{Heap after GC invocations=2069 (full 5):
 PSYoungGen      total 9728K, used 356K [0x00000000d5580000, 0x00000000d6180000, 0x0000000100000000)
  eden space 9216K, 0% used [0x00000000d5580000,0x00000000d5580000,0x00000000d5e80000)
  from space 512K, 69% used [0x00000000d6100000,0x00000000d6159210,0x00000000d6180000)
  to   space 512K, 0% used [0x00000000d6080000,0x00000000d6080000,0x00000000d6100000)
 ParOldGen       total 786944K, used 87239K [0x0000000080000000, 0x00000000b0080000, 0x00000000d5580000)
  object space 786944K, 11% used [0x0000000080000000,0x0000000085531cc8,0x00000000b0080000)
 Metaspace       used 92923K, committed 95168K, reserved 1179648K
  class space    used 9471K, committed 10432K, reserved 1048576K
}
Event: 2982.138 GC heap before
{Heap before GC invocations=2070 (full 5):
 PSYoungGen      total 9728K, used 9572K [0x00000000d5580000, 0x00000000d6180000, 0x0000000100000000)
  eden space 9216K, 100% used [0x00000000d5580000,0x00000000d5e80000,0x00000000d5e80000)
  from space 512K, 69% used [0x00000000d6100000,0x00000000d6159210,0x00000000d6180000)
  to   space 512K, 0% used [0x00000000d6080000,0x00000000d6080000,0x00000000d6100000)
 ParOldGen       total 786944K, used 87239K [0x0000000080000000, 0x00000000b0080000, 0x00000000d5580000)
  object space 786944K, 11% used [0x0000000080000000,0x0000000085531cc8,0x00000000b0080000)
 Metaspace       used 92923K, committed 95168K, reserved 1179648K
  class space    used 9471K, committed 10432K, reserved 1048576K
}
Event: 2982.139 GC heap after
{Heap after GC invocations=2070 (full 5):
 PSYoungGen      total 9728K, used 500K [0x00000000d5580000, 0x00000000d6180000, 0x0000000100000000)
  eden space 9216K, 0% used [0x00000000d5580000,0x00000000d5580000,0x00000000d5e80000)
  from space 512K, 97% used [0x00000000d6080000,0x00000000d60fd200,0x00000000d6100000)
  to   space 512K, 0% used [0x00000000d6100000,0x00000000d6100000,0x00000000d6180000)
 ParOldGen       total 786944K, used 87263K [0x0000000080000000, 0x00000000b0080000, 0x00000000d5580000)
  object space 786944K, 11% used [0x0000000080000000,0x0000000085537cc8,0x00000000b0080000)
 Metaspace       used 92923K, committed 95168K, reserved 1179648K
  class space    used 9471K, committed 10432K, reserved 1048576K
}

